#
# There is insufficient memory for the Java Runtime Environment to continue.
# Native memory allocation (mmap) failed to map 132120576 bytes. Error detail: G1 virtual space
# Possible reasons:
#   The system is out of physical RAM or swap space
#   This process is running with CompressedOops enabled, and the Java Heap may be blocking the growth of the native heap
# Possible solutions:
#   Reduce memory load on the system
#   Increase physical memory or swap space
#   Check if swap backing store is full
#   Decrease Java heap size (-Xmx/-Xms)
#   Decrease number of Java threads
#   Decrease Java thread stack sizes (-Xss)
#   Set larger code cache with -XX:ReservedCodeCacheSize=
#   JVM is running with Unscaled Compressed Oops mode in which the Java heap is
#     placed in the first 4GB address space. The Java Heap base address is the
#     maximum limit for the native heap growth. Please use -XX:HeapBaseMinAddress
#     to set the Java Heap base and to place the Java Heap above 4GB virtual address.
# This output file may be truncated or incomplete.
#
#  Out of Memory Error (os_windows.cpp:3828), pid=28856, tid=21688
#
# JRE version:  (21.0.4+13) (build )
# Java VM: OpenJDK 64-Bit Server VM (21.0.4+13-b509.17, mixed mode, sharing, tiered, compressed oops, compressed class ptrs, g1 gc, windows-amd64)
# No core dump will be written. Minidumps are not enabled by default on client versions of Windows
#

---------------  S U M M A R Y ------------

Command Line: git4idea.http.GitAskPassApp Username for 'https://github.com': 

Host: 11th Gen Intel(R) Core(TM) i5-1135G7 @ 2.40GHz, 8 cores, 7G,  Windows 11 , 64 bit Build 22621 (10.0.22621.4391)
Time: Mon Jan 27 10:58:47 2025  Windows 11 , 64 bit Build 22621 (10.0.22621.4391) elapsed time: 0.036003 seconds (0d 0h 0m 0s)

---------------  T H R E A D  ---------------

Current thread (0x00000260030deb70):  JavaThread "Unknown thread" [_thread_in_vm, id=21688, stack(0x0000006e4d900000,0x0000006e4da00000) (1024K)]

Stack: [0x0000006e4d900000,0x0000006e4da00000]
Native frames: (J=compiled Java code, j=interpreted, Vv=VM code, C=native code)
V  [jvm.dll+0x6e36d9]
V  [jvm.dll+0x8c0bd3]
V  [jvm.dll+0x8c312e]
V  [jvm.dll+0x8c3813]
V  [jvm.dll+0x288256]
V  [jvm.dll+0x6dfe65]
V  [jvm.dll+0x6d433a]
V  [jvm.dll+0x36209b]
V  [jvm.dll+0x369c46]
V  [jvm.dll+0x3bbd76]
V  [jvm.dll+0x3bc048]
V  [jvm.dll+0x33485c]
V  [jvm.dll+0x33554b]
V  [jvm.dll+0x888039]
V  [jvm.dll+0x3c8ea8]
V  [jvm.dll+0x8711d8]
V  [jvm.dll+0x45d85e]
V  [jvm.dll+0x45f541]
C  [jli.dll+0x52ab]
C  [ucrtbase.dll+0x29333]
C  [KERNEL32.DLL+0x1259d]
C  [ntdll.dll+0x5af38]


---------------  P R O C E S S  ---------------

Threads class SMR info:
_java_thread_list=0x00007fff6c0a2108, length=0, elements={
}

Java Threads: ( => current thread )
Total: 0

Other Threads:
  0x00000260053b1a60 WorkerThread "GC Thread#0"                     [id=29628, stack(0x0000006e4da00000,0x0000006e4db00000) (1024K)]
  0x00000260053c2b90 ConcurrentGCThread "G1 Main Marker"            [id=27364, stack(0x0000006e4db00000,0x0000006e4dc00000) (1024K)]
  0x00000260053c3690 WorkerThread "G1 Conc#0"                       [id=20312, stack(0x0000006e4dc00000,0x0000006e4dd00000) (1024K)]

[error occurred during error reporting (printing all threads), id 0xc0000005, EXCEPTION_ACCESS_VIOLATION (0xc0000005) at pc=0x00007fff6b797917]
VM state: not at safepoint (not fully initialized)

VM Mutex/Monitor currently owned by a thread:  ([mutex/lock_event])
[0x00007fff6c116a48] Heap_lock - owner thread: 0x00000260030deb70

Heap address: 0x0000000083600000, size: 1994 MB, Compressed Oops mode: 32-bit

CDS archive(s) mapped at: [0x0000000000000000-0x0000000000000000-0x0000000000000000), size 0, SharedBaseAddress: 0x0000000800000000, ArchiveRelocationMode: 1.
Narrow klass base: 0x0000000000000000, Narrow klass shift: 0, Narrow klass range: 0x0

GC Precious Log:
 CardTable entry size: 512
 Card Set container configuration: InlinePtr #cards 5 size 8 Array Of Cards #cards 12 size 40 Howl #buckets 4 coarsen threshold 1843 Howl Bitmap #cards 512 size 80 coarsen threshold 460 Card regions per heap region 1 cards per card region 2048

Heap:
 garbage-first heap   total 0K, used 0K [0x0000000083600000, 0x0000000100000000)
  region size 1024K, 0 young (0K), 0 survivors (0K)
 Metaspace       used 0K, committed 0K, reserved 0K
  class space    used 0K, committed 0K, reserved 0K

Heap Regions: E=young(eden), S=young(survivor), O=old, HS=humongous(starts), HC=humongous(continues), CS=collection set, F=free, TAMS=top-at-mark-start, PB=parsable bottom

Card table byte_map: [0x00000260189a0000,0x0000026018d90000] _byte_map_base: 0x0000026018585000

Marking Bits: (CMBitMap*) 0x00000260053b2970
 Bits: [0x0000026018d90000, 0x000002601acb8000)

GC Heap History (0 events):
No events

Dll operation events (1 events):
Event: 0.010 Loaded shared library C:\Program Files\JetBrains\PhpStorm 2024.2.3\jbr\bin\java.dll

Deoptimization events (0 events):
No events

Classes loaded (0 events):
No events

Classes unloaded (0 events):
No events

Classes redefined (0 events):
No events

Internal exceptions (0 events):
No events

ZGC Phase Switch (0 events):
No events

VM Operations (0 events):
No events

Memory protections (0 events):
No events

Nmethod flushes (0 events):
No events

Events (0 events):
No events


Dynamic libraries:
0x00007ff6fffb0000 - 0x00007ff6fffba000 	C:\Program Files\JetBrains\PhpStorm 2024.2.3\jbr\bin\java.exe
0x00007fffc7db0000 - 0x00007fffc7fc7000 	C:\WINDOWS\SYSTEM32\ntdll.dll
0x00007fffc6210000 - 0x00007fffc62d4000 	C:\WINDOWS\System32\KERNEL32.DLL
0x00007fffc56f0000 - 0x00007fffc5aaa000 	C:\WINDOWS\System32\KERNELBASE.dll
0x00007fffc5080000 - 0x00007fffc5191000 	C:\WINDOWS\System32\ucrtbase.dll
0x00007fff94580000 - 0x00007fff94598000 	C:\Program Files\JetBrains\PhpStorm 2024.2.3\jbr\bin\jli.dll
0x00007fff945f0000 - 0x00007fff9460b000 	C:\Program Files\JetBrains\PhpStorm 2024.2.3\jbr\bin\VCRUNTIME140.dll
0x00007fffc7610000 - 0x00007fffc77be000 	C:\WINDOWS\System32\USER32.dll
0x00007fff9ec80000 - 0x00007fff9ef12000 	C:\WINDOWS\WinSxS\amd64_microsoft.windows.common-controls_6595b64144ccf1df_6.0.22621.4541_none_2710d1c57384c085\COMCTL32.dll
0x00007fffc53b0000 - 0x00007fffc53d6000 	C:\WINDOWS\System32\win32u.dll
0x00007fffc5ab0000 - 0x00007fffc5b57000 	C:\WINDOWS\System32\msvcrt.dll
0x00007fffc7520000 - 0x00007fffc7549000 	C:\WINDOWS\System32\GDI32.dll
0x00007fffc5460000 - 0x00007fffc557b000 	C:\WINDOWS\System32\gdi32full.dll
0x00007fffc51d0000 - 0x00007fffc526a000 	C:\WINDOWS\System32\msvcp_win.dll
0x00007fffc7880000 - 0x00007fffc78b1000 	C:\WINDOWS\System32\IMM32.DLL
0x00007fffbcc60000 - 0x00007fffbcc6c000 	C:\Program Files\JetBrains\PhpStorm 2024.2.3\jbr\bin\vcruntime140_1.dll
0x00007fffacac0000 - 0x00007fffacb4d000 	C:\Program Files\JetBrains\PhpStorm 2024.2.3\jbr\bin\msvcp140.dll
0x00007fff6b450000 - 0x00007fff6c207000 	C:\Program Files\JetBrains\PhpStorm 2024.2.3\jbr\bin\server\jvm.dll
0x00007fffc7550000 - 0x00007fffc7602000 	C:\WINDOWS\System32\ADVAPI32.dll
0x00007fffc5b60000 - 0x00007fffc5c07000 	C:\WINDOWS\System32\sechost.dll
0x00007fffc51a0000 - 0x00007fffc51c8000 	C:\WINDOWS\System32\bcrypt.dll
0x00007fffc7a30000 - 0x00007fffc7b44000 	C:\WINDOWS\System32\RPCRT4.dll
0x00007fffc6090000 - 0x00007fffc6101000 	C:\WINDOWS\System32\WS2_32.dll
0x00007fffc4950000 - 0x00007fffc499d000 	C:\WINDOWS\SYSTEM32\POWRPROF.dll
0x00007fffbbd90000 - 0x00007fffbbdc4000 	C:\WINDOWS\SYSTEM32\WINMM.dll
0x00007fffb6de0000 - 0x00007fffb6dea000 	C:\WINDOWS\SYSTEM32\VERSION.dll
0x00007fffc4930000 - 0x00007fffc4943000 	C:\WINDOWS\SYSTEM32\UMPDC.dll
0x00007fffc4080000 - 0x00007fffc4098000 	C:\WINDOWS\SYSTEM32\kernel.appcore.dll
0x00007fffaa950000 - 0x00007fffaa95a000 	C:\Program Files\JetBrains\PhpStorm 2024.2.3\jbr\bin\jimage.dll
0x00007fffc27b0000 - 0x00007fffc29e2000 	C:\WINDOWS\SYSTEM32\DBGHELP.DLL
0x00007fffc7190000 - 0x00007fffc751f000 	C:\WINDOWS\System32\combase.dll
0x00007fffc5da0000 - 0x00007fffc5e77000 	C:\WINDOWS\System32\OLEAUT32.dll
0x00007fffb9300000 - 0x00007fffb9332000 	C:\WINDOWS\SYSTEM32\dbgcore.DLL
0x00007fffc5270000 - 0x00007fffc52eb000 	C:\WINDOWS\System32\bcryptPrimitives.dll
0x00007fff945d0000 - 0x00007fff945ef000 	C:\Program Files\JetBrains\PhpStorm 2024.2.3\jbr\bin\java.dll

dbghelp: loaded successfully - version: 4.0.5 - missing functions: none
symbol engine: initialized successfully - sym options: 0x614 - pdb path: .;C:\Program Files\JetBrains\PhpStorm 2024.2.3\jbr\bin;C:\WINDOWS\SYSTEM32;C:\WINDOWS\WinSxS\amd64_microsoft.windows.common-controls_6595b64144ccf1df_6.0.22621.4541_none_2710d1c57384c085;C:\Program Files\JetBrains\PhpStorm 2024.2.3\jbr\bin\server

VM Arguments:
java_command: git4idea.http.GitAskPassApp Username for 'https://github.com': 
java_class_path (initial): C:/Program Files/JetBrains/PhpStorm 2024.2.3/plugins/vcs-git/lib/git4idea-rt.jar;C:/Program Files/JetBrains/PhpStorm 2024.2.3/lib/externalProcess-rt.jar
Launcher Type: SUN_STANDARD

[Global flags]
     intx CICompilerCount                          = 4                                         {product} {ergonomic}
     uint ConcGCThreads                            = 2                                         {product} {ergonomic}
     uint G1ConcRefinementThreads                  = 8                                         {product} {ergonomic}
   size_t G1HeapRegionSize                         = 1048576                                   {product} {ergonomic}
    uintx GCDrainStackTargetSize                   = 64                                        {product} {ergonomic}
   size_t InitialHeapSize                          = 132120576                                 {product} {ergonomic}
   size_t MarkStackSize                            = 4194304                                   {product} {ergonomic}
   size_t MaxHeapSize                              = 2090860544                                {product} {ergonomic}
   size_t MinHeapDeltaBytes                        = 1048576                                   {product} {ergonomic}
   size_t MinHeapSize                              = 8388608                                   {product} {ergonomic}
    uintx NonNMethodCodeHeapSize                   = 5839372                                {pd product} {ergonomic}
    uintx NonProfiledCodeHeapSize                  = 122909434                              {pd product} {ergonomic}
    uintx ProfiledCodeHeapSize                     = 122909434                              {pd product} {ergonomic}
    uintx ReservedCodeCacheSize                    = 251658240                              {pd product} {ergonomic}
     bool SegmentedCodeCache                       = true                                      {product} {ergonomic}
   size_t SoftMaxHeapSize                          = 2090860544                             {manageable} {ergonomic}
     bool UseCompressedOops                        = true                           {product lp64_product} {ergonomic}
     bool UseG1GC                                  = true                                      {product} {ergonomic}
     bool UseLargePagesIndividualAllocation        = false                                  {pd product} {ergonomic}

Logging:
Log output configuration:
 #0: stdout all=warning uptime,level,tags foldmultilines=false
 #1: stderr all=off uptime,level,tags foldmultilines=false

Environment Variables:
PATH=C:\Program Files (x86)\Common Files\Oracle\Java\javapath;C:\WINDOWS\system32;C:\WINDOWS;C:\WINDOWS\System32\Wbem;C:\WINDOWS\System32\WindowsPowerShell\v1.0\;C:\WINDOWS\System32\OpenSSH\;C:\Program Files\Git\cmd;C:\Program Files\Docker\Docker\resources\bin;C:\Program Files\Go\bin;C:\Users\anara\AppData\Local\Microsoft\WindowsApps;;C:\Users\anara\AppData\Local\Programs\Microsoft VS Code\bin;C:\Users\anara\go\bin
USERNAME=anara
OS=Windows_NT
PROCESSOR_IDENTIFIER=Intel64 Family 6 Model 140 Stepping 1, GenuineIntel
TMP=C:\Users\anara\AppData\Local\Temp
TEMP=C:\Users\anara\AppData\Local\Temp




Periodic native trim disabled

JNI global refs:
JNI global refs: 0, weak refs: 0

JNI global refs memory usage: 0, weak refs: 0

Process memory usage:
Resident Set Size: 12324K (0% of 8166712K total physical memory with 527084K free physical memory)

OOME stack traces (most recent first):
Classloader memory used:

---------------  S Y S T E M  ---------------

OS:
 Windows 11 , 64 bit Build 22621 (10.0.22621.4391)
OS uptime: 14 days 3:10 hours
Hyper-V role detected

CPU: total 8 (initial active 8) (4 cores per cpu, 2 threads per core) family 6 model 140 stepping 1 microcode 0x8a, cx8, cmov, fxsr, ht, mmx, 3dnowpref, sse, sse2, sse3, ssse3, sse4.1, sse4.2, popcnt, lzcnt, tsc, tscinvbit, avx, avx2, aes, erms, clmul, bmi1, bmi2, adx, avx512f, avx512dq, avx512cd, avx512bw, avx512vl, sha, fma, vzeroupper, avx512_vpopcntdq, avx512_vpclmulqdq, avx512_vaes, avx512_vnni, clflush, clflushopt, clwb, avx512_vbmi2, avx512_vbmi, hv, rdtscp, rdpid, fsrm, gfni, avx512_bitalg, f16c, cet_ibt, cet_ss, avx512_ifma
Processor Information for processor 0
  Max Mhz: 2419, Current Mhz: 2419, Mhz Limit: 2419
Processor Information for processor 1
  Max Mhz: 2419, Current Mhz: 1209, Mhz Limit: 2419
Processor Information for processor 2
  Max Mhz: 2419, Current Mhz: 2419, Mhz Limit: 2419
Processor Information for processor 3
  Max Mhz: 2419, Current Mhz: 2419, Mhz Limit: 2419
Processor Information for processor 4
  Max Mhz: 2419, Current Mhz: 2419, Mhz Limit: 2419
Processor Information for processor 5
  Max Mhz: 2419, Current Mhz: 2419, Mhz Limit: 2419
Processor Information for processor 6
  Max Mhz: 2419, Current Mhz: 1209, Mhz Limit: 2419
Processor Information for processor 7
  Max Mhz: 2419, Current Mhz: 2419, Mhz Limit: 2419

Memory: 4k page, system-wide physical 7975M (505M free)
TotalPageFile size 20356M (AvailPageFile size 70M)
current process WorkingSet (physical memory assigned to process): 12M, peak: 12M
current process commit charge ("private bytes"): 60M, peak: 186M

vm_info: OpenJDK 64-Bit Server VM (21.0.4+13-b509.17) for windows-amd64 JRE (21.0.4+13-b509.17), built on 2024-09-04 by "builduser" with MS VC++ 16.10 / 16.11 (VS2019)

END.
